<?xml version="1.0" encoding="UTF-8" ?>
<testsuite tests="8" failures="0" name="tests.informacoesUsuarioTest" time="90.65" errors="0" skipped="0">
  <properties>
[...]
</properties>
  <testcase classname="tests.informacoesUsuarioTest" name="testAdicionarUmaInformacaoAdicionalDoUsuario{tipo=Phone, mensagem=Your contact has been added!, contato=11920021708}" time="10.876"/>
  <testcase classname="tests.informacoesUsuarioTest" name="testAdicionarUmaInformacaoAdicionalDoUsuario{tipo=Phone, mensagem=Your contact has been added!, contato=11920021709}" time="9.755"/>
  <testcase classname="tests.informacoesUsuarioTest" name="testAdicionarUmaInformacaoAdicionalDoUsuario{tipo=Phone, mensagem=Your contact has been added!, contato=11920021710}" time="10.883"/>
  <testcase classname="tests.informacoesUsuarioTest" name="testAdicionarUmaInformacaoAdicionalDoUsuario{tipo=Phone, mensagem=Your contact has been added!, contato=11920021711}" time="10.879"/>
  <testcase classname="tests.informacoesUsuarioTest" name="testAdicionarUmaInformacaoAdicionalDoUsuario{tipo=Phone, mensagem=Your contact has been added!, contato=11920021712}" time="10.417"/>
  <testcase classname="tests.informacoesUsuarioTest" name="testAdicionarUmaInformacaoAdicionalDoUsuario{tipo=Phone, mensagem=Your contact has been added!, contato=11920021707}" time="10.432"/>
  <testcase classname="tests.informacoesUsuarioTest" name="testAdicionarUmaInformacaoAdicionalDoUsuario{tipo=E-mail, mensagem=Your contact has been added!, contato=carlosoliveira1989@hotmail.com}" time="10.49"/>
  <testcase classname="tests.informacoesUsuarioTest" name="removerUmContatoDeUmUsuario" time="16.918"/>
</testsuite>